0 info it worked if it ends with ok
1 verbose cli [ '/usr/bin/nodejs', '/usr/bin/npm', 'install', '-g', 'bower' ]
2 info using npm@1.4.21
3 info using node@v0.10.25
4 verbose cache add [ 'bower', null ]
5 verbose cache add name=undefined spec="bower" args=["bower",null]
6 verbose parsed url { protocol: null,
6 verbose parsed url   slashes: null,
6 verbose parsed url   auth: null,
6 verbose parsed url   host: null,
6 verbose parsed url   port: null,
6 verbose parsed url   hostname: null,
6 verbose parsed url   hash: null,
6 verbose parsed url   search: null,
6 verbose parsed url   query: null,
6 verbose parsed url   pathname: 'bower',
6 verbose parsed url   path: 'bower',
6 verbose parsed url   href: 'bower' }
7 silly lockFile 206e3ce5-bower bower
8 verbose lock bower /home/user/.npm/206e3ce5-bower.lock
9 silly lockFile 206e3ce5-bower bower
10 silly lockFile 206e3ce5-bower bower
11 verbose addNamed [ 'bower', '' ]
12 verbose addNamed [ null, '*' ]
13 silly lockFile 1240aab1-bower bower@
14 verbose lock bower@ /home/user/.npm/1240aab1-bower.lock
15 silly addNameRange { name: 'bower', range: '*', hasData: false }
16 verbose request where is /bower
17 verbose request registry https://registry.npmjs.org/
18 verbose request id 43907ffabaa3dadd
19 verbose url raw /bower
20 verbose url resolving [ 'https://registry.npmjs.org/', './bower' ]
21 verbose url resolved https://registry.npmjs.org/bower
22 verbose request where is https://registry.npmjs.org/bower
23 info trying registry request attempt 1 at 23:37:57
24 http GET https://registry.npmjs.org/bower
25 http 200 https://registry.npmjs.org/bower
26 silly registry.get cb [ 200,
26 silly registry.get   { server: 'CouchDB/1.5.0 (Erlang OTP/R16B03)',
26 silly registry.get     etag: '"BPFNHBH6PE5ORNG3AQJ0KD3AN"',
26 silly registry.get     'content-type': 'application/json',
26 silly registry.get     'cache-control': 'max-age=300',
26 silly registry.get     'content-length': '164999',
26 silly registry.get     'accept-ranges': 'bytes',
26 silly registry.get     date: 'Sun, 03 Jan 2016 22:37:57 GMT',
26 silly registry.get     via: '1.1 varnish',
26 silly registry.get     age: '267',
26 silly registry.get     connection: 'keep-alive',
26 silly registry.get     'x-served-by': 'cache-fra1243-FRA',
26 silly registry.get     'x-cache': 'HIT',
26 silly registry.get     'x-cache-hits': '2',
26 silly registry.get     'x-timer': 'S1451860677.190669,VS0,VE0',
26 silly registry.get     vary: 'Accept' } ]
27 silly addNameRange number 2 { name: 'bower', range: '*', hasData: true }
28 silly addNameRange versions [ 'bower',
28 silly addNameRange   [ '0.1.0',
28 silly addNameRange     '0.1.2',
28 silly addNameRange     '0.1.3',
28 silly addNameRange     '0.2.0',
28 silly addNameRange     '0.3.0',
28 silly addNameRange     '0.3.1',
28 silly addNameRange     '0.3.2',
28 silly addNameRange     '0.4.0',
28 silly addNameRange     '0.5.0',
28 silly addNameRange     '0.5.1',
28 silly addNameRange     '0.6.0',
28 silly addNameRange     '0.6.1',
28 silly addNameRange     '0.6.2',
28 silly addNameRange     '0.6.3',
28 silly addNameRange     '0.6.4',
28 silly addNameRange     '0.6.5',
28 silly addNameRange     '0.6.6',
28 silly addNameRange     '0.6.7',
28 silly addNameRange     '0.6.8',
28 silly addNameRange     '0.7.0',
28 silly addNameRange     '0.7.1',
28 silly addNameRange     '0.8.0',
28 silly addNameRange     '0.8.1',
28 silly addNameRange     '0.8.2',
28 silly addNameRange     '0.8.3',
28 silly addNameRange     '0.8.4',
28 silly addNameRange     '0.8.5',
28 silly addNameRange     '0.8.6',
28 silly addNameRange     '0.9.0',
28 silly addNameRange     '0.9.1',
28 silly addNameRange     '0.9.2',
28 silly addNameRange     '0.10.0',
28 silly addNameRange     '1.0.0',
28 silly addNameRange     '1.0.1',
28 silly addNameRange     '1.0.2',
28 silly addNameRange     '1.0.3',
28 silly addNameRange     '1.1.0',
28 silly addNameRange     '1.1.1',
28 silly addNameRange     '1.1.2',
28 silly addNameRange     '1.2.0',
28 silly addNameRange     '1.2.1',
28 silly addNameRange     '1.2.2',
28 silly addNameRange     '1.2.3',
28 silly addNameRange     '1.2.4',
28 silly addNameRange     '1.2.5',
28 silly addNameRange     '1.2.6',
28 silly addNameRange     '1.2.7',
28 silly addNameRange     '1.2.8',
28 silly addNameRange     '1.3.0',
28 silly addNameRange     '1.3.1',
28 silly addNameRange     '1.3.2',
28 silly addNameRange     '1.3.3',
28 silly addNameRange     '1.3.4',
28 silly addNameRange     '1.3.5',
28 silly addNameRange     '1.3.6',
28 silly addNameRange     '1.3.7',
28 silly addNameRange     '1.3.8',
28 silly addNameRange     '1.3.9',
28 silly addNameRange     '1.3.10',
28 silly addNameRange     '1.3.11',
28 silly addNameRange     '1.3.12',
28 silly addNameRange     '1.4.0',
28 silly addNameRange     '1.4.1',
28 silly addNameRange     '1.5.0',
28 silly addNameRange     '1.5.1',
28 silly addNameRange     '1.5.2',
28 silly addNameRange     '1.5.3',
28 silly addNameRange     '1.6.2',
28 silly addNameRange     '1.6.3',
28 silly addNameRange     '1.6.4',
28 silly addNameRange     '1.6.5',
28 silly addNameRange     '1.5.4',
28 silly addNameRange     '1.4.2',
28 silly addNameRange     '1.6.6',
28 silly addNameRange     '1.6.7',
28 silly addNameRange     '1.6.8',
28 silly addNameRange     '1.6.9',
28 silly addNameRange     '1.7.0',
28 silly addNameRange     '1.7.1',
28 silly addNameRange     '1.7.2' ] ]
29 verbose addNamed [ 'bower', '1.7.2' ]
30 verbose addNamed [ '1.7.2', '1.7.2' ]
31 silly lockFile 7ff4c8ad-bower-1-7-2 bower@1.7.2
32 verbose lock bower@1.7.2 /home/user/.npm/7ff4c8ad-bower-1-7-2.lock
33 silly lockFile f53d2632--npmjs-org-bower-bower-1-7-2-tgz https://registry.npmjs.org/bower/-/bower-1.7.2.tgz
34 verbose lock https://registry.npmjs.org/bower/-/bower-1.7.2.tgz /home/user/.npm/f53d2632--npmjs-org-bower-bower-1-7-2-tgz.lock
35 verbose addRemoteTarball [ 'https://registry.npmjs.org/bower/-/bower-1.7.2.tgz',
35 verbose addRemoteTarball   'b04228f9970f11777017e64ae39d71f9346c9575' ]
36 info retry fetch attempt 1 at 23:37:57
37 verbose fetch to= /tmp/npm-11462-eJ4j6rXA/registry.npmjs.org/bower/-/bower-1.7.2.tgz
38 http GET https://registry.npmjs.org/bower/-/bower-1.7.2.tgz
39 http 200 https://registry.npmjs.org/bower/-/bower-1.7.2.tgz
40 silly lockFile f53d2632--npmjs-org-bower-bower-1-7-2-tgz https://registry.npmjs.org/bower/-/bower-1.7.2.tgz
41 silly lockFile f53d2632--npmjs-org-bower-bower-1-7-2-tgz https://registry.npmjs.org/bower/-/bower-1.7.2.tgz
42 silly lockFile 7ff4c8ad-bower-1-7-2 bower@1.7.2
43 silly lockFile 7ff4c8ad-bower-1-7-2 bower@1.7.2
44 silly lockFile 1240aab1-bower bower@
45 silly lockFile 1240aab1-bower bower@
46 silly resolved [ { name: 'bower',
46 silly resolved     version: '1.7.2',
46 silly resolved     description: 'The browser package manager',
46 silly resolved     author: { name: 'Twitter' },
46 silly resolved     license: 'MIT',
46 silly resolved     repository: { type: 'git', url: 'git+https://github.com/bower/bower.git' },
46 silly resolved     main: 'lib',
46 silly resolved     homepage: 'http://bower.io',
46 silly resolved     engines: { node: '>=0.10.0' },
46 silly resolved     keywords: [ 'bower' ],
46 silly resolved     dependencies:
46 silly resolved      { abbrev: '^1.0.5',
46 silly resolved        archy: '1.0.0',
46 silly resolved        'bower-config': '^1.3.0',
46 silly resolved        'bower-endpoint-parser': '^0.2.2',
46 silly resolved        'bower-json': '^0.4.0',
46 silly resolved        'bower-logger': '^0.2.2',
46 silly resolved        'bower-registry-client': '^1.0.0',
46 silly resolved        cardinal: '0.4.4',
46 silly resolved        chalk: '^1.0.0',
46 silly resolved        chmodr: '^1.0.2',
46 silly resolved        configstore: '^0.3.2',
46 silly resolved        'decompress-zip': '^0.1.0',
46 silly resolved        destroy: '^1.0.3',
46 silly resolved        'fs-write-stream-atomic': '1.0.5',
46 silly resolved        fstream: '^1.0.3',
46 silly resolved        'fstream-ignore': '^1.0.2',
46 silly resolved        github: '^0.2.3',
46 silly resolved        glob: '^4.3.2',
46 silly resolved        'graceful-fs': '^3.0.5',
46 silly resolved        handlebars: '^2.0.0',
46 silly resolved        inquirer: '0.10.0',
46 silly resolved        insight: '^0.7.0',
46 silly resolved        'is-root': '^1.0.0',
46 silly resolved        junk: '^1.0.0',
46 silly resolved        lockfile: '^1.0.0',
46 silly resolved        'lru-cache': '^2.5.0',
46 silly resolved        'md5-hex': '^1.0.2',
46 silly resolved        mkdirp: '0.5.0',
46 silly resolved        mout: '^0.11.0',
46 silly resolved        nopt: '^3.0.1',
46 silly resolved        opn: '^1.0.1',
46 silly resolved        'p-throttler': '0.1.1',
46 silly resolved        promptly: '0.2.0',
46 silly resolved        q: '^1.1.2',
46 silly resolved        request: '2.53.0',
46 silly resolved        'request-progress': '0.3.1',
46 silly resolved        retry: '0.6.1',
46 silly resolved        rimraf: '^2.2.8',
46 silly resolved        semver: '^2.3.0',
46 silly resolved        'semver-utils': '^1.1.1',
46 silly resolved        'shell-quote': '^1.4.2',
46 silly resolved        'stringify-object': '^1.0.0',
46 silly resolved        'tar-fs': '^1.4.1',
46 silly resolved        tmp: '0.0.24',
46 silly resolved        'update-notifier': '^0.6.0',
46 silly resolved        'user-home': '^1.1.0',
46 silly resolved        which: '^1.0.8' },
46 silly resolved     devDependencies:
46 silly resolved      { chai: '^1.10.0',
46 silly resolved        coveralls: '^2.11.2',
46 silly resolved        'expect.js': '^0.3.1',
46 silly resolved        grunt: '^0.4.5',
46 silly resolved        'grunt-cli': '^0.1.13',
46 silly resolved        'grunt-contrib-jshint': '^0.10.0',
46 silly resolved        'grunt-contrib-watch': '^0.6.1',
46 silly resolved        'grunt-exec': '^0.4.6',
46 silly resolved        'grunt-jscs': '^2.3.0',
46 silly resolved        'grunt-simple-mocha': '^0.4.0',
46 silly resolved        istanbul: '^0.3.5',
46 silly resolved        'load-grunt-tasks': '^2.0.0',
46 silly resolved        mocha: '^2.1.0',
46 silly resolved        multiline: '^1.0.2',
46 silly resolved        nock: '^3.1.0',
46 silly resolved        'node-uuid': '^1.4.2',
46 silly resolved        proxyquire: '^1.3.0',
46 silly resolved        'spawn-sync': '1.0.13' },
46 silly resolved     scripts:
46 silly resolved      { test: 'grunt test',
46 silly resolved        ci: 'grunt travis',
46 silly resolved        coveralls: 'coveralls' },
46 silly resolved     bin: { bower: 'bin/bower' },
46 silly resolved     files: [ 'bin', 'lib', 'templates' ],
46 silly resolved     gitHead: 'a2f21e2703df020617bc35bbc2fb823c8a14b885',
46 silly resolved     bugs: { url: 'https://github.com/bower/bower/issues' },
46 silly resolved     bundleDependencies:
46 silly resolved      [ 'abbrev',
46 silly resolved        'archy',
46 silly resolved        'bower-config',
46 silly resolved        'bower-endpoint-parser',
46 silly resolved        'bower-json',
46 silly resolved        'bower-logger',
46 silly resolved        'bower-registry-client',
46 silly resolved        'cardinal',
46 silly resolved        'chalk',
46 silly resolved        'chmodr',
46 silly resolved        'configstore',
46 silly resolved        'decompress-zip',
46 silly resolved        'destroy',
46 silly resolved        'fs-write-stream-atomic',
46 silly resolved        'fstream',
46 silly resolved        'fstream-ignore',
46 silly resolved        'github',
46 silly resolved        'glob',
46 silly resolved        'graceful-fs',
46 silly resolved        'handlebars',
46 silly resolved        'inquirer',
46 silly resolved        'insight',
46 silly resolved        'is-root',
46 silly resolved        'junk',
46 silly resolved        'lockfile',
46 silly resolved        'lru-cache',
46 silly resolved        'md5-hex',
46 silly resolved        'mkdirp',
46 silly resolved        'mout',
46 silly resolved        'nopt',
46 silly resolved        'opn',
46 silly resolved        'p-throttler',
46 silly resolved        'promptly',
46 silly resolved        'q',
46 silly resolved        'request',
46 silly resolved        'request-progress',
46 silly resolved        'retry',
46 silly resolved        'rimraf',
46 silly resolved        'semver',
46 silly resolved        'shell-quote',
46 silly resolved        'stringify-object',
46 silly resolved        'tar-fs',
46 silly resolved        'tmp',
46 silly resolved        'update-notifier',
46 silly resolved        'user-home',
46 silly resolved        'which' ],
46 silly resolved     _id: 'bower@1.7.2',
46 silly resolved     _shasum: 'b04228f9970f11777017e64ae39d71f9346c9575',
46 silly resolved     _from: 'bower@',
46 silly resolved     _npmVersion: '2.14.15',
46 silly resolved     _nodeVersion: '4.2.3',
46 silly resolved     _npmUser: { name: 'vladikoff', email: 'vlad@vladikoff.com' },
46 silly resolved     maintainers:
46 silly resolved      [ [Object],
46 silly resolved        [Object],
46 silly resolved        [Object],
46 silly resolved        [Object],
46 silly resolved        [Object],
46 silly resolved        [Object],
46 silly resolved        [Object] ],
46 silly resolved     dist:
46 silly resolved      { shasum: 'b04228f9970f11777017e64ae39d71f9346c9575',
46 silly resolved        tarball: 'http://registry.npmjs.org/bower/-/bower-1.7.2.tgz' },
46 silly resolved     directories: {},
46 silly resolved     _resolved: 'https://registry.npmjs.org/bower/-/bower-1.7.2.tgz' } ]
47 info install bower@1.7.2 into /usr/local/lib
48 info installOne bower@1.7.2
49 verbose lib/node_modules/bower unbuild
50 verbose tar unpack /home/user/.npm/bower/1.7.2/package.tgz
51 silly lockFile 1396471b-usr-local-lib-node-modules-bower tar:///usr/local/lib/node_modules/bower
52 verbose lock tar:///usr/local/lib/node_modules/bower /home/user/.npm/1396471b-usr-local-lib-node-modules-bower.lock
53 silly lockFile d01142ed-user-npm-bower-1-7-2-package-tgz tar:///home/user/.npm/bower/1.7.2/package.tgz
54 verbose lock tar:///home/user/.npm/bower/1.7.2/package.tgz /home/user/.npm/d01142ed-user-npm-bower-1-7-2-package-tgz.lock
55 silly gunzTarPerm modes [ '775', '664' ]
56 error tar.unpack untar error /home/user/.npm/bower/1.7.2/package.tgz
57 silly lockFile 1396471b-usr-local-lib-node-modules-bower tar:///usr/local/lib/node_modules/bower
58 silly lockFile 1396471b-usr-local-lib-node-modules-bower tar:///usr/local/lib/node_modules/bower
59 silly lockFile d01142ed-user-npm-bower-1-7-2-package-tgz tar:///home/user/.npm/bower/1.7.2/package.tgz
60 silly lockFile d01142ed-user-npm-bower-1-7-2-package-tgz tar:///home/user/.npm/bower/1.7.2/package.tgz
61 verbose lib/node_modules/bower unbuild
62 error Error: EACCES, mkdir '/usr/local/lib/node_modules/bower'
62 error  { [Error: EACCES, mkdir '/usr/local/lib/node_modules/bower']
62 error   errno: 3,
62 error   code: 'EACCES',
62 error   path: '/usr/local/lib/node_modules/bower',
62 error   fstream_type: 'Directory',
62 error   fstream_path: '/usr/local/lib/node_modules/bower',
62 error   fstream_class: 'DirWriter',
62 error   fstream_stack:
62 error    [ '/usr/lib/nodejs/fstream/lib/dir-writer.js:36:23',
62 error      '/usr/lib/nodejs/mkdirp/index.js:46:53',
62 error      'Object.oncomplete (fs.js:107:15)' ] }
63 error Please try running this command again as root/Administrator.
64 error System Linux 4.2.0-22-generic
65 error command "/usr/bin/nodejs" "/usr/bin/npm" "install" "-g" "bower"
66 error cwd /var/www/html/food
67 error node -v v0.10.25
68 error npm -v 1.4.21
69 error path /usr/local/lib/node_modules/bower
70 error fstream_path /usr/local/lib/node_modules/bower
71 error fstream_type Directory
72 error fstream_class DirWriter
73 error code EACCES
74 error errno 3
75 error stack Error: EACCES, mkdir '/usr/local/lib/node_modules/bower'
76 error fstream_stack /usr/lib/nodejs/fstream/lib/dir-writer.js:36:23
76 error fstream_stack /usr/lib/nodejs/mkdirp/index.js:46:53
76 error fstream_stack Object.oncomplete (fs.js:107:15)
77 verbose exit [ 3, true ]
